2023-04-17 12:57:18
new connection from127.0.0.1:50001 -- Server.cpp : 46
2023-04-17 12:57:18
new HTTPDATA -- Server.cpp : 64
2023-04-17 12:57:18
EventLoop::handleRead() reads 0 bytes instead of 8 -- EventLoop.cpp : 69
2023-04-17 12:57:18
request: GET /test.do HTTP/1.1
Host: 127.0.0.1:8091
User-Agent: curl/7.58.0
Accept: */*

 -- HttpData.cpp : 171
2023-04-17 12:57:18
inside xxxxxxxxxxx -- HttpData.cpp : 608
2023-04-17 12:57:18
STATE_FINISH -- HttpData.cpp : 269
2023-04-17 12:57:18
request:  -- HttpData.cpp : 171
2023-04-17 12:57:41
new connection from127.0.0.1:50002 -- Server.cpp : 46
2023-04-17 12:57:41
new HTTPDATA -- Server.cpp : 64
2023-04-17 12:57:41
EventLoop::handleRead() reads 0 bytes instead of 8 -- EventLoop.cpp : 69
2023-04-17 12:57:43
request: dafkjd
 -- HttpData.cpp : 171
2023-04-17 12:57:43
FD = 14 , dafkjd
****** -- HttpData.cpp : 195
2023-04-17 12:58:46
new connection from127.0.0.1:50001 -- Server.cpp : 46
2023-04-17 12:58:46
new HTTPDATA -- Server.cpp : 64
2023-04-17 12:58:46
EventLoop::handleRead() reads 0 bytes instead of 8 -- EventLoop.cpp : 69
2023-04-17 12:59:06
request: GET /index.html http1.1
 -- HttpData.cpp : 171
2023-04-17 12:59:06
FD = 14 , GET /index.html http1.1
****** -- HttpData.cpp : 195
2023-04-17 12:59:52
new connection from127.0.0.1:50001 -- Server.cpp : 46
2023-04-17 12:59:52
new HTTPDATA -- Server.cpp : 64
2023-04-17 12:59:52
EventLoop::handleRead() reads 0 bytes instead of 8 -- EventLoop.cpp : 69
2023-04-17 12:59:52
request: GET /index.html HTTP/1.1
Host: 127.0.0.1:8091
User-Agent: curl/7.58.0
Accept: */*

 -- HttpData.cpp : 171
2023-04-17 12:59:52
STATE_FINISH -- HttpData.cpp : 269
2023-04-17 12:59:52
request:  -- HttpData.cpp : 171
2023-04-17 13:00:00
new connection from127.0.0.1:56580 -- Server.cpp : 46
2023-04-17 13:00:00
new HTTPDATA -- Server.cpp : 64
2023-04-17 13:00:00
EventLoop::handleRead() reads 0 bytes instead of 8 -- EventLoop.cpp : 69
2023-04-17 13:00:20
request:  /index.html fakdfj\r\n
 -- HttpData.cpp : 171
2023-04-17 13:00:20
FD = 14 ,  /index.html fakdfj\r\n
****** -- HttpData.cpp : 195
2023-04-17 13:01:02
new connection from127.0.0.1:50001 -- Server.cpp : 46
2023-04-17 13:01:02
new HTTPDATA -- Server.cpp : 64
2023-04-17 13:01:02
EventLoop::handleRead() reads 0 bytes instead of 8 -- EventLoop.cpp : 69
2023-04-17 13:01:13
request: GET /test.do HTTP/1.1
 -- HttpData.cpp : 171
2023-04-17 13:02:08
new connection from127.0.0.1:50001 -- Server.cpp : 46
2023-04-17 13:02:08
new HTTPDATA -- Server.cpp : 64
2023-04-17 13:02:08
EventLoop::handleRead() reads 0 bytes instead of 8 -- EventLoop.cpp : 69
2023-04-17 13:02:09
request: Http::HandleRead
GET /test.do HTTP/1.1
Host: 127.0.0.1:8091
 -- HttpData.cpp : 171
2023-04-17 13:03:08
new connection from127.0.0.1:50001 -- Server.cpp : 46
2023-04-17 13:03:08
new HTTPDATA -- Server.cpp : 64
2023-04-17 13:03:08
EventLoop::handleRead() reads 0 bytes instead of 8 -- EventLoop.cpp : 69
2023-04-17 13:03:11
request:  -- HttpData.cpp : 171
2023-04-17 13:03:16
new connection from127.0.0.1:50002 -- Server.cpp : 46
2023-04-17 13:03:16
new HTTPDATA -- Server.cpp : 64
2023-04-17 13:03:16
EventLoop::handleRead() reads 0 bytes instead of 8 -- EventLoop.cpp : 69
2023-04-17 13:03:16
request: GET /test.do HTTP/1.1\r\n
Host: 127.0.0.1:8091\r\n
User-Agent: curl/7.58.0\r\n
12345
 -- HttpData.cpp : 171
2023-04-17 13:04:58
new connection from127.0.0.1:50001 -- Server.cpp : 46
2023-04-17 13:04:58
new HTTPDATA -- Server.cpp : 64
2023-04-17 13:04:58
EventLoop::handleRead() reads 0 bytes instead of 8 -- EventLoop.cpp : 69
2023-04-17 13:04:58
request: GET /test.do HTTP/1.1
Host: 127.0.0.1:8091
User-Agent: curl/7.58.0
12345
 -- HttpData.cpp : 171
2023-04-17 13:05:41
new connection from127.0.0.1:50206 -- Server.cpp : 46
2023-04-17 13:05:41
new HTTPDATA -- Server.cpp : 64
2023-04-17 13:05:41
EventLoop::handleRead() reads 0 bytes instead of 8 -- EventLoop.cpp : 69
2023-04-17 13:05:41
request: GET /test.do HTTP/1.1
Host: 127.0.0.1:8091
User-Agent: curl/7.58.0

12345
 -- HttpData.cpp : 171
2023-04-17 13:05:41
inside xxxxxxxxxxx -- HttpData.cpp : 608
2023-04-17 13:05:41
STATE_FINISH -- HttpData.cpp : 269
2023-04-17 13:05:41
request: 2345
 -- HttpData.cpp : 171
2023-04-17 13:05:41
FD = 14 , 2345
****** -- HttpData.cpp : 195
2023-04-17 13:05:59
new connection from127.0.0.1:50001 -- Server.cpp : 46
2023-04-17 13:05:59
new HTTPDATA -- Server.cpp : 64
2023-04-17 13:05:59
EventLoop::handleRead() reads 0 bytes instead of 8 -- EventLoop.cpp : 69
2023-04-17 13:05:59
request: GET /test.do HTTP/1.1
Host: 127.0.0.1:8091
User-Agent: curl/7.58.0

12345
 -- HttpData.cpp : 171
2023-04-17 13:05:59
inside xxxxxxxxxxx -- HttpData.cpp : 608
2023-04-17 13:05:59
STATE_FINISH -- HttpData.cpp : 269
2023-04-17 13:05:59
request: 2345
 -- HttpData.cpp : 171
2023-04-17 13:05:59
FD = 14 , 2345
****** -- HttpData.cpp : 195
2023-04-17 13:07:44
new connection from127.0.0.1:50001 -- Server.cpp : 46
2023-04-17 13:07:44
new HTTPDATA -- Server.cpp : 64
2023-04-17 13:07:44
EventLoop::handleRead() reads 0 bytes instead of 8 -- EventLoop.cpp : 69
2023-04-17 13:07:44
request: GET /test.do HTTP/1.1
Host: 127.0.0.1:8091
User-Agent: curl/7.58.0
Accept: */*

 -- HttpData.cpp : 171
2023-04-17 13:07:44
inside xxxxxxxxxxx -- HttpData.cpp : 608
2023-04-17 13:07:44
STATE_FINISH -- HttpData.cpp : 269
2023-04-17 13:07:44
request:  -- HttpData.cpp : 171
2023-04-17 13:08:07
new connection from127.0.0.1:50002 -- Server.cpp : 46
2023-04-17 13:08:07
new HTTPDATA -- Server.cpp : 64
2023-04-17 13:08:07
EventLoop::handleRead() reads 0 bytes instead of 8 -- EventLoop.cpp : 69
2023-04-17 13:08:07
request: GET /test.do HTTP/1.1
Host: 127.0.0.1:8091
User-Agent: curl/7.58.0
Accept: */*

 -- HttpData.cpp : 171
2023-04-17 13:08:07
inside xxxxxxxxxxx -- HttpData.cpp : 608
2023-04-17 13:08:07
STATE_FINISH -- HttpData.cpp : 269
2023-04-17 13:08:07
request:  -- HttpData.cpp : 171
2023-04-17 13:08:20
new connection from127.0.0.1:50003 -- Server.cpp : 46
2023-04-17 13:08:20
new HTTPDATA -- Server.cpp : 64
2023-04-17 13:08:20
EventLoop::handleRead() reads 0 bytes instead of 8 -- EventLoop.cpp : 69
2023-04-17 13:08:20
request: GET / HTTP/1.1
Host: 127.0.0.1:8091
User-Agent: curl/7.58.0
Accept: */*

 -- HttpData.cpp : 171
2023-04-17 13:08:20
STATE_FINISH -- HttpData.cpp : 269
2023-04-17 13:08:20
request:  -- HttpData.cpp : 171
2023-04-17 13:08:33
new connection from127.0.0.1:50004 -- Server.cpp : 46
2023-04-17 13:08:33
new HTTPDATA -- Server.cpp : 64
2023-04-17 13:08:33
EventLoop::handleRead() reads 0 bytes instead of 8 -- EventLoop.cpp : 69
2023-04-17 13:08:33
request: GET /Makefile HTTP/1.1
Host: 127.0.0.1:8091
User-Agent: curl/7.58.0
Accept: */*

 -- HttpData.cpp : 171
2023-04-17 13:08:33
STATE_FINISH -- HttpData.cpp : 269
2023-04-17 13:08:33
request:  -- HttpData.cpp : 171
